<?xml version="1.0" encoding="UTF-8"?>
<!-- Generated by org.testng.reporters.JUnitReportReporter -->
<testsuite skipped="0" hostname="DELL-XPS" name="testcases.TC_01_ValidateLoginFunctionality" tests="3" failures="0" timestamp="31 Aug 2020 13:22:07 GMT" time="33.368" errors="0">
  <testcase name="loginTest" time="7.062" classname="testcases.TC_01_ValidateLoginFunctionality"/>
  <testcase name="loginTest" time="17.654" classname="testcases.TC_01_ValidateLoginFunctionality"/>
  <testcase name="loginTest" time="8.652" classname="testcases.TC_01_ValidateLoginFunctionality"/>
</testsuite> <!-- testcases.TC_01_ValidateLoginFunctionality -->
